<?xml version="1.0" encoding="UTF-8"?>
<!-- Generated by org.testng.reporters.JUnitReportReporter -->
<testsuite hostname="Mahia-PC" failures="0" tests="1" name="testCase.Employee_Profile" time="68.069" errors="0" timestamp="2022-04-20T15:04:35 BDT" skipped="0">
  <testcase classname="testCase.Employee_Profile" name="Emp_Pro" time="68.069"/>
  <system-out/>
</testsuite> <!-- testCase.Employee_Profile -->
