<?xml version="1.0" encoding="UTF-8"?>
<!-- Generated by org.testng.reporters.JUnitReportReporter -->
<testsuite hostname="Mahia-PC" failures="0" tests="1" name="testCase.Supplier_Profile" time="59.360" errors="0" timestamp="2022-04-20T11:41:08 BDT" skipped="0">
  <testcase classname="testCase.Supplier_Profile" name="transPort" time="59.360"/>
  <system-out/>
</testsuite> <!-- testCase.Supplier_Profile -->
