<?xml version="1.0" encoding="UTF-8"?>
<!-- Generated by org.testng.reporters.JUnitReportReporter -->
<testsuite hostname="DESKTOP-4Q2O2EA" failures="0" tests="1" name="testCase.tra_modB_foR" time="109.996" errors="0" timestamp="2022-03-30T12:16:11 BDT" skipped="0">
  <testcase classname="testCase.tra_modB_foR" name="trans_test" time="109.996"/>
  <system-out/>
</testsuite> <!-- testCase.tra_modB_foR -->
