<?xml version="1.0" encoding="UTF-8"?>
<!-- Generated by org.testng.reporters.JUnitReportReporter -->
<testsuite hostname="DESKTOP-4Q2O2EA" failures="0" tests="3" name="testCase.tra_modM" time="87.157" errors="0" timestamp="2022-03-29T16:28:44 BDT" skipped="0">
  <testcase classname="testCase.tra_modM" name="trans_test" time="33.161"/>
  <system-out/>
  <testcase classname="testCase.tra_modM" name="trans_test" time="27.691"/>
  <system-out/>
  <testcase classname="testCase.tra_modM" name="trans_test" time="26.305"/>
  <system-out/>
</testsuite> <!-- testCase.tra_modM -->
