<?xml version="1.0" encoding="UTF-8"?>
<!-- Generated by org.testng.reporters.JUnitReportReporter -->
<testsuite hostname="Mahia-PC" failures="0" tests="1" name="testCase.transPort_Mgmt" time="140.310" errors="0" timestamp="2022-04-21T17:52:44 BDT" skipped="0">
  <testcase classname="testCase.transPort_Mgmt" name="transPort" time="140.310"/>
  <system-out/>
</testsuite> <!-- testCase.transPort_Mgmt -->
